<?xml version="1.0" encoding="UTF-8"?>
<robot generator="Robot 7.1.1 (Python 3.12.4 on win32)" generated="2024-12-21T20:48:38.197056" rpa="false" schemaversion="5">
<suite id="s1" name="Login Steps" source="c:\Development\Lume\Aula\Python\projeto_robot\test\login_steps.robot">
<kw name="Open Browser" owner="SeleniumLibrary" type="SETUP">
<msg time="2024-12-21T20:48:38.591175" level="INFO">Opening browser 'chrome' to base url 'None'.</msg>
<arg>browser=chrome</arg>
<doc>Opens a new browser instance to the optional ``url``.</doc>
<status status="PASS" start="2024-12-21T20:48:38.591175" elapsed="1.770240"/>
</kw>
<test id="s1-t1" name="Successful Login" line="7">
<kw name="I navigate to the login page" owner="login_keywords">
<kw name="Go To" owner="SeleniumLibrary">
<msg time="2024-12-21T20:48:40.361415" level="INFO">Opening url 'https://www.saucedemo.com'</msg>
<arg>${URL_DATA["baseUrl"]}</arg>
<doc>Navigates the current browser window to the provided ``url``.</doc>
<status status="PASS" start="2024-12-21T20:48:40.361415" elapsed="6.078803"/>
</kw>
<status status="PASS" start="2024-12-21T20:48:40.361415" elapsed="6.079999"/>
</kw>
<kw name="I input correct credentials" owner="login_keywords">
<kw name="Wait Until Element Is Visible" owner="SeleniumLibrary">
<arg>id=user-name</arg>
<doc>Waits until the element ``locator`` is visible.</doc>
<status status="PASS" start="2024-12-21T20:48:46.441414" elapsed="0.033203"/>
</kw>
<kw name="Input Text" owner="SeleniumLibrary">
<msg time="2024-12-21T20:48:46.474617" level="INFO">Typing text 'standard_user' into text field 'id=user-name'.</msg>
<arg>id=user-name</arg>
<arg>${LOGIN_DATA["correctData"]["username"]}</arg>
<doc>Types the given ``text`` into the text field identified by ``locator``.</doc>
<status status="PASS" start="2024-12-21T20:48:46.474617" elapsed="0.140798"/>
</kw>
<kw name="Input Text" owner="SeleniumLibrary">
<msg time="2024-12-21T20:48:46.617662" level="INFO">Typing text 'secret_sauce' into text field 'id=password'.</msg>
<arg>id=password</arg>
<arg>${LOGIN_DATA["correctData"]["password"]}</arg>
<doc>Types the given ``text`` into the text field identified by ``locator``.</doc>
<status status="PASS" start="2024-12-21T20:48:46.616681" elapsed="0.113589"/>
</kw>
<status status="PASS" start="2024-12-21T20:48:46.441414" elapsed="0.288856"/>
</kw>
<kw name="I click on the login button" owner="login_keywords">
<kw name="Click Button" owner="SeleniumLibrary">
<msg time="2024-12-21T20:48:46.735409" level="INFO">Clicking button 'id=login-button'.</msg>
<arg>id=login-button</arg>
<doc>Clicks the button identified by ``locator``.</doc>
<status status="PASS" start="2024-12-21T20:48:46.734410" elapsed="0.098986"/>
</kw>
<status status="PASS" start="2024-12-21T20:48:46.733410" elapsed="0.100990"/>
</kw>
<kw name="I can access the home page" owner="login_keywords">
<kw name="Get Location" owner="SeleniumLibrary">
<msg time="2024-12-21T20:48:46.834701" level="INFO">${location} = https://www.saucedemo.com/inventory.html</msg>
<var>${location}</var>
<doc>Returns the current browser window URL.</doc>
<status status="PASS" start="2024-12-21T20:48:46.834701" elapsed="0.000000"/>
</kw>
<kw name="Catenate" owner="BuiltIn">
<msg time="2024-12-21T20:48:46.834701" level="INFO">${full_url} = https://www.saucedemo.com/inventory.html</msg>
<var>${full_url}</var>
<arg>SEPARATOR=</arg>
<arg>${URL_DATA["baseUrl"]}</arg>
<arg>${URL_DATA["inventoryUrl"]}</arg>
<doc>Catenates the given items together and returns the resulted string.</doc>
<status status="PASS" start="2024-12-21T20:48:46.834701" elapsed="0.000000"/>
</kw>
<kw name="Should Be Equal" owner="BuiltIn">
<arg>${location}</arg>
<arg>${full_url}</arg>
<doc>Fails if the given objects are unequal.</doc>
<status status="PASS" start="2024-12-21T20:48:46.849499" elapsed="0.000548"/>
</kw>
<status status="PASS" start="2024-12-21T20:48:46.834701" elapsed="0.016350"/>
</kw>
<status status="PASS" start="2024-12-21T20:48:40.361415" elapsed="6.493633"/>
</test>
<status status="PASS" start="2024-12-21T20:48:38.207607" elapsed="8.651438"/>
</suite>
<statistics>
<total>
<stat pass="1" fail="0" skip="0">All Tests</stat>
</total>
<tag>
</tag>
<suite>
<stat pass="1" fail="0" skip="0" id="s1" name="Login Steps">Login Steps</stat>
</suite>
</statistics>
<errors>
</errors>
</robot>
